Arguments: 
  C:\Program Files\nodejs\node.exe C:\Users\manikant.sharma\AppData\Roaming\npm\node_modules\yarn\bin\yarn.js

PATH: 
  C:\Program Files\Python39\Scripts\;C:\Program Files\Python39\;C:\Program Files\Zulu\zulu-17\bin\;C:\Program Files\Zulu\zulu-17-jre\bin\;C:\Program Files\Eclipse Foundation\jdk-8.0.302.8-hotspot\bin;C:\windows\system32;C:\windows;C:\windows\System32\Wbem;C:\windows\System32\WindowsPowerShell\v1.0\;C:\windows\System32\OpenSSH\;C:\Program Files\Java\jdk\bin;C:\Program Files\dotnet;C:\Program Files\dotnet\;C:\Program Files\Azure Data Studio\bin;C:\Users\manikant.sharma\AppData\Roaming\npm\angular-cli-10.0.0-rc.5\bin;C:\Program Files\Microsoft SQL Server\130\Tools\Binn\;C:\Program Files\Microsoft SQL Server\Client SDK\ODBC\170\Tools\Binn\;C:\Program Files (x86)\Sennheiser\SenncomSDK\;C:\Program Files\Microsoft VS Code\bin;C:\Program Files\nodejs\;C:\Program Files\Git\cmd;C:\Users\manikant.sharma\AppData\Local\Microsoft\WindowsApps;C:\Users\manikant.sharma\AppData\Local\GitHubDesktop\bin;C:\Users\manikant.sharma\.dotnet\tools;C:\Users\manikant.sharma\AppData\Roaming\npm\angular-cli\bin;C:\Users\manikant.sharma\AppData\Roaming\npm;;C:\Users\manikant.sharma\AppData\Local\Programs\Microsoft VS Code\bin

Yarn version: 
  1.22.19

Node version: 
  16.13.0

Platform: 
  win32 x64

Trace: 
  SyntaxError: C:\Users\manikant.sharma\Desktop\OVO\Retail payg\bit-node-tools\packages\datadog-metrics-tracker\package.json: Unexpected token } in JSON at position 644
      at JSON.parse (<anonymous>)
      at C:\Users\manikant.sharma\AppData\Roaming\npm\node_modules\yarn\lib\cli.js:1629:59
      at Generator.next (<anonymous>)
      at step (C:\Users\manikant.sharma\AppData\Roaming\npm\node_modules\yarn\lib\cli.js:310:30)
      at C:\Users\manikant.sharma\AppData\Roaming\npm\node_modules\yarn\lib\cli.js:321:13

npm manifest: 
  {
    "name": "@ovotech/datadog-metrics-tracker",
    "description": "Track metrics and store them in an DataDog",
    "version": "1.3.5",
    "main": "dist/index.js",
    "source": "src/index.ts",
    "types": "dist/index.d.ts",
    "author": "Hayden Field <hayden.field@ovoenergy.com>",
    "license": "Apache-2.0",
    "scripts": {
      "test": "jest --runInBand",
      "lint-prettier": "prettier --list-different {src,test}/**/*.ts",
      "lint-tslint": "tslint --config tslint.json '{src,test}/**/*.ts'",
      "lint": "yarn lint-prettier && yarn lint-tslint",
      "build": "tsc --outDir dist --declaration"
    },
    "dependencies": {
      "hot-shots": "^9.1.0",
    },
    "peerDependencies": {
      "@ovotech/winston-logger": "^1.2.5"
    },
    "devDependencies": {
      "@ovotech/winston-logger": "^1.2.5",
      "@types/jest": "^24.0.13",
      "jest": "^24.8.0",
      "prettier": "^1.17.1",
      "ts-jest": "^24.0.2",
      "tslint": "^5.17.0",
      "tslint-config-prettier": "^1.18.0",
      "typescript": "^3.7.0"
    },
    "jest": {
      "preset": "../../jest-preset.json"
    }
  }

yarn manifest: 
  No manifest

Lockfile: 
  No lockfile
